<tx>0x01 0x03 0x00 0x00 0x00 0x06 0xC5 0xC8 </tx>
<rx>0x01 0x03 0x0C 0x00 0x00 0x00 0x00 0x00 0x00 0x00 0x00 0x00 0x00 0x00 0x00 0x93 0x70 </rx>
<tx>0x01 0x03 0x00 0x00 0x00 0x06 0xC5 0xC8 </tx>
<rx>0x01 0x03 0x0C 0x00 0x00 0x00 0x00 0x00 0x00 0x00 0x00 0x00 0x00 0x00 0x00 0x93 0x70 </rx>
<tx>0x01 0x03 0x00 0x00 0x00 0x06 0xC5 0xC8 </tx>
<rx>0x01 0x03 0x0C 0x00 0x00 0x00 0x00 0x00 0x00 0x00 0x00 0x00 0x00 0x00 0x00 0x93 0x70 </rx>
<tx>0x01 0x03 0x00 0x00 0x00 0x06 0xC5 0xC8 </tx>
<rx>0x01 0x03 0x0C 0x00 0x00 0x00 0x00 0x00 0x00 0x00 0x00 0x00 0x00 0x00 0x00 0x93 0x70 </rx>
<tx>0x01 0x03 0x00 0x00 0x00 0x06 0xC5 0xC8 </tx>
<rx>0x01 0x03 0x0C 0x00 0x00 0x00 0x00 0x00 0x00 0x00 0x00 0x00 0x00 0x00 0x00 0x93 0x70 </rx>
<tx>0x01 0x03 0x00 0x00 0x00 0x06 0xC5 0xC8 </tx>
<rx>0x01 0x03 0x0C 0x00 0x00 0x00 0x00 0x00 0x00 0x00 0x00 0x00 0x00 0x00 0x00 0x93 0x70 </rx>
<tx>0x01 0x03 0x00 0x00 0x00 0x06 0xC5 0xC8 </tx>
<rx>0x01 0x03 0x0C 0x00 0x00 0x00 0x00 0x00 0x00 0x00 0x00 0x00 0x00 0x00 </rx>
<tx>0x01 0x03 0x00 0x00 0x00 0x06 0xC5 0xC8 </tx>
<rx>0x00 0x93 0x70 0x01 0x03 0x0C 0x00 0x00 0x00 0x00 0x00 0x00 0x00 0x00 0x00 0x00 0x00 </rx>
<tx>0x01 0x03 0x00 0x00 0x00 0x06 0xC5 0xC8 </tx>
<rx>0x00 0x93 0x70 0x01 0x03 0x0C 0x00 0x00 0x00 0x00 0x00 0x00 0x00 0x00 0x00 0x00 0x00 </rx>
<rx>0x00 0x93 0x70 0x01 0x06 0x00 0x02 0x00 </rx>
<tx>0x01 0x03 0x00 0x00 0x00 0x06 0xC5 0xC8 </tx>
<rx>0x64 0x29 0xE1 0x01 0x03 0x0C 0x00 0x00 0x00 0x00 0x00 0x64 0x00 0x00 0x00 0x00 0x00 </rx>
<tx>0x01 0x03 0x00 0x00 0x00 0x06 0xC5 0xC8 </tx>
<rx>0x00 0xB6 0xB6 0x01 0x03 0x0C 0x00 0x00 0x00 0x00 0x00 0x64 0x00 0x00 0x00 0x00 0x00 </rx>
<tx>0x01 0x03 0x00 0x00 0x00 0x06 0xC5 0xC8 </tx>
<rx>0x00 0xB6 0xB6 0x01 0x03 0x0C 0x00 0x00 0x00 0x00 0x00 0x64 0x00 0x00 0x00 0x00 0x00 </rx>
<tx>0x01 0x03 0x00 0x00 0x00 0x06 0xC5 0xC8 </tx>
<rx>0x00 0xB6 0xB6 0x01 0x03 0x0C 0x00 0x00 0x00 0x00 0x00 0x64 0x00 0x00 0x00 0x00 0x00 </rx>
<tx>0x01 0x03 0x00 0x00 0x00 0x06 0xC5 0xC8 </tx>
<rx>0x00 0xB6 0xB6 0x01 0x03 0x0C 0x00 0x00 0x00 0x00 0x00 0x64 0x00 0x00 0x00 0x00 0x00 </rx>
<tx>0x01 0x03 0x00 0x00 0x00 0x06 0xC5 0xC8 </tx>
<rx>0x00 0xB6 0xB6 0x01 0x03 0x0C 0x00 0x00 0x00 0x00 0x00 0x64 0x00 0x00 0x00 0x00 0x00 </rx>
<tx>0x01 0x03 0x00 0x00 0x00 0x06 0xC5 0xC8 </tx>
<rx>0x00 0xB6 0xB6 0x01 0x03 0x0C 0x00 0x00 0x00 0x00 0x00 0x64 0x00 0x00 0x00 0x00 0x00 </rx>
<tx>0x01 0x03 0x00 0x00 0x00 0x06 0xC5 0xC8 </tx>
<rx>0x00 0xB6 0xB6 0x01 0x03 0x0C 0x00 0x00 0x00 0x00 0x00 0x64 0x00 0x00 0x00 0x00 0x00 </rx>
<tx>0x01 0x03 0x00 0x00 0x00 0x06 0xC5 0xC8 </tx>
<rx>0x00 0xB6 0xB6 0x01 0x03 0x0C 0x00 0x00 0x00 0x00 0x00 0x64 0x00 0x00 0x00 0x00 0x00 </rx>
<tx>0x01 0x03 0x00 0x00 0x00 0x06 0xC5 0xC8 </tx>
<rx>0x00 0xB6 0xB6 0x01 0x03 0x0C 0x00 0x00 0x00 0x00 0x00 0x64 0x00 0x00 0x00 0x00 0x00 </rx>
<tx>0x01 0x03 0x00 0x00 0x00 0x06 0xC5 0xC8 </tx>
<rx>0x00 0xB6 0xB6 0x01 0x03 0x0C 0x00 0x00 0x00 0x00 0x00 0x64 0x00 0x00 0x00 0x00 0x00 </rx>
<rx>0x00 0xB6 0xB6 0x01 0x06 0x00 0x02 0x00 </rx>
<tx>0x01 0x03 0x00 0x00 0x00 0x06 0xC5 0xC8 </tx>
<rx>0x1E 0xA8 0x02 0x01 0x03 0x0C 0x00 0x00 0x00 0x00 0x00 0x1E 0x00 0x00 0x00 0x00 0x00 </rx>
<tx>0x01 0x03 0x00 0x00 0x00 0x06 0xC5 0xC8 </tx>
<rx>0x00 0x6D 0x71 0x01 0x03 0x0C 0x00 0x00 0x00 0x00 0x00 0x1E 0x00 0x00 0x00 0x00 0x00 </rx>
<tx>0x01 0x03 0x00 0x00 0x00 0x06 0xC5 0xC8 </tx>
<rx>0x00 0x6D 0x71 0x01 0x03 0x0C 0x00 0x00 0x00 0x00 0x00 0x1E 0x00 0x00 0x00 0x00 0x00 </rx>
<tx>0x01 0x03 0x00 0x00 0x00 0x06 0xC5 0xC8 </tx>
<rx>0x00 0x6D 0x71 0x01 0x03 0x0C 0x00 0x00 0x00 0x00 0x00 0x1E 0x00 0x00 0x00 0x00 0x00 </rx>
<tx>0x01 0x03 0x00 0x00 0x00 0x06 0xC5 0xC8 </tx>
<rx>0x00 0x6D 0x71 0x01 0x03 0x0C 0x00 0x00 0x00 0x00 0x00 0x1E 0x00 0x00 0x00 0x00 0x00 </rx>
<tx>0x01 0x03 0x00 0x00 0x00 0x06 0xC5 0xC8 </tx>
<rx>0x00 0x6D 0x71 0x01 0x03 0x0C 0x00 0x00 0x00 0x00 0x00 0x1E 0x00 0x00 0x00 0x00 0x00 </rx>
<tx>0x01 0x03 0x00 0x00 0x00 0x06 0xC5 0xC8 </tx>
<rx>0x00 0x6D 0x71 0x01 0x03 0x0C 0x00 0x00 0x00 0x00 0x00 0x1E 0x00 0x00 0x00 0x00 0x00 </rx>
<tx>0x01 0x03 0x00 0x00 0x00 0x06 0xC5 0xC8 </tx>
<rx>0x00 0x6D 0x71 0x01 0x03 0x0C 0x00 0x00 0x00 0x00 0x00 0x1E 0x00 0x00 0x00 0x00 0x00 </rx>
<tx>0x01 0x03 0x00 0x00 0x00 0x06 0xC5 0xC8 </tx>
<rx>0x00 0x6D 0x71 0x01 0x03 0x0C 0x00 0x00 0x00 0x00 0x00 0x1E 0x00 0x00 0x00 0x00 0x00 </rx>
<tx>0x01 0x03 0x00 0x00 0x00 0x06 0xC5 0xC8 </tx>
<rx>0x00 0x6D 0x71 0x01 0x03 0x0C 0x00 0x00 0x00 0x00 0x00 0x1E 0x00 0x00 0x00 0x00 0x00 </rx>
<tx>0x01 0x03 0x00 0x00 0x00 0x06 0xC5 0xC8 </tx>
<rx>0x00 0x6D 0x71 0x01 0x03 0x0C 0x00 0x00 0x00 0x00 0x00 0x1E 0x00 0x00 0x00 0x00 0x00 </rx>
<tx>0x01 0x06 0x00 0x02 0x00 0xFA 0xA8 0x49 </tx>
<rx>0x00 0x6D 0x71 0x01 0x06 0x00 0x02 0x00 </rx>
<tx>0x01 0x03 0x00 0x00 0x00 0x06 0xC5 0xC8 </tx>
<rx>0xFA 0xA8 0x49 0x01 0x03 0x0C 0x00 0x00 0x00 0x00 0x00 0xFA 0x00 0x00 0x00 0x00 0x00 </rx>
<tx>0x01 0x03 0x00 0x00 0x00 0x06 0xC5 0xC8 </tx>
<rx>0x00 0xC9 0x7F 0x01 0x03 0x0C 0x00 0x00 0x00 0x00 0x00 0xFA 0x00 0x00 0x00 0x00 0x00 </rx>
<tx>0x01 0x03 0x00 0x00 0x00 0x06 0xC5 0xC8 </tx>
<rx>0x00 0xC9 0x7F 0x01 0x03 0x0C 0x00 0x00 0x00 0x00 0x00 0xFA 0x00 0x00 0x00 0x00 0x00 </rx>
<tx>0x01 0x03 0x00 0x00 0x00 0x06 0xC5 0xC8 </tx>
<rx>0x00 0xC9 0x7F 0x01 0x03 0x0C 0x00 0x00 0x00 0x00 0x00 0xFA 0x00 0x00 0x00 0x00 0x00 </rx>
<tx>0x01 0x03 0x00 0x00 0x00 0x06 0xC5 0xC8 </tx>
<rx>0x00 0xC9 0x7F 0x01 0x03 0x0C 0x00 0x00 0x00 0x00 0x00 0xFA 0x00 0x00 0x00 0x00 0x00 </rx>
<tx>0x01 0x03 0x00 0x00 0x00 0x06 0xC5 0xC8 </tx>
<rx>0x00 0xC9 0x7F 0x01 0x03 0x0C 0x00 0x00 0x00 0x00 0x00 0xFA 0x00 0x00 0x00 0x00 0x00 </rx>
<tx>0x01 0x03 0x00 0x00 0x00 0x06 0xC5 0xC8 </tx>
<rx>0x00 0xC9 0x7F 0x01 0x03 0x0C 0x00 0x00 0x00 0x00 0x00 0xFA 0x00 0x00 0x00 0x00 0x00 </rx>
<tx>0x01 0x03 0x00 0x00 0x00 0x06 0xC5 0xC8 </tx>
<rx>0x00 0xC9 0x7F </rx>
<rx>0x01 0x03 0x0C 0x00 0x00 0x00 0x00 0x00 </rx>
<rx>0xFA 0x00 0x00 0x00 0x00 0x00 0x00 0xC9 0x7F 0x01 0x06 0x00 0x05 0x00 0xFA 0x19 0x88 </rx>
<rx>0x01 0x03 0x0C 0x00 0x00 0x00 0x00 0x00 0xFA 0x00 0x00 0x00 0x00 0x00 0xFA 0x49 0x3C </rx>
<rx>0x01 0x03 0x0C 0x00 0x00 0x00 0x00 0x00 0xFA 0x00 0x00 0x00 0x00 0x00 0xFA 0x49 0x3C </rx>
<rx>0x01 0x03 0x0C 0x00 0x00 0x00 0x00 0x00 0xFA 0x00 0x00 0x00 0x00 0x00 0xFA 0x49 0x3C </rx>
<rx>0x01 0x03 0x0C 0x00 0x00 0x00 0x00 0x00 0xFA 0x00 0x00 0x00 0x00 0x00 0xFA 0x49 0x3C </rx>
<rx>0x01 0x03 0x0C 0x00 0x00 0x00 0x00 0x00 0xFA 0x00 0x00 0x00 0x00 0x00 0xFA 0x49 0x3C </rx>
<rx>0x01 0x03 0x0C 0x00 0x00 0x00 0x00 0x00 0xFA 0x00 0x00 0x00 0x00 0x00 0xFA 0x49 0x3C </rx>
<rx>0x01 0x03 0x0C 0x00 0x00 0x00 0x00 0x00 0xFA 0x00 0x00 0x00 0x00 0x00 0xFA 0x49 0x3C </rx>
<rx>0x01 0x03 0x0C 0x00 0x00 0x00 0x00 0x00 0xFA 0x00 0x00 0x00 0x00 0x00 0xFA 0x49 0x3C </rx>
<rx>0x01 0x03 0x0C 0x00 0x00 0x00 0x00 0x00 0xFA 0x00 0x00 0x00 0x00 0x00 0xFA 0x49 0x3C </rx>
<rx>0x01 0x03 0x0C 0x00 0x00 0x00 0x00 0x00 0xFA 0x00 0x00 0x00 0x00 0x00 0xFA 0x49 0x3C </rx>
<rx>0x01 0x03 0x0C 0x00 0x00 0x00 0x00 0x00 0xFA 0x00 0x00 0x00 0x00 0x00 0xFA 0x49 0x3C </rx>
<rx>0x01 0x03 0x0C 0x00 0x00 0x00 0x00 0x00 0xFA 0x00 0x00 0x00 0x00 0x00 0xFA 0x49 0x3C </rx>
<rx>0x01 0x03 0x0C 0x00 0x00 0x00 0x00 0x00 0xFA 0x00 0x00 0x00 0x00 0x00 0xFA 0x49 0x3C </rx>
<rx>0x01 0x03 0x0C 0x00 0x00 0x00 0x00 0x00 0xFA 0x00 0x00 0x00 0x00 0x00 0xFA 0x49 0x3C </rx>
<rx>0x01 0x03 0x0C 0x00 0x00 0x00 0x00 0x00 0xFA 0x00 0x00 0x00 0x00 0x00 0xFA 0x49 0x3C </rx>
<rx>0x01 0x03 0x0C 0x00 0x00 0x00 0x00 0x00 0xFA 0x00 0x00 0x00 0x00 0x00 0xFA 0x49 0x3C </rx>
<rx>0x01 0x03 0x0C 0x00 0x00 0x00 0x00 0x00 0xFA 0x00 0x00 0x00 0x00 0x00 0xFA 0x49 0x3C </rx>
<rx>0x01 0x03 0x0C 0x00 0x00 0x00 0x00 0x00 </rx>
<rx>0xFA 0x00 0x00 0x00 0x00 0x00 0xFA 0x49 0x3C 0x01 0x06 0x00 0x02 0x00 0x1E 0xA8 0x02 </rx>
<rx>0x01 0x03 0x0C 0x00 0x00 0x00 0x00 0x00 0x1E 0x00 0x00 0x00 0x00 0x00 0xFA 0xED 0x32 </rx>
<rx>0x01 0x03 0x0C 0x00 0x00 0x00 0x00 0x00 0x1E 0x00 0x00 0x00 0x00 0x00 0xFA 0xED 0x32 </rx>
<rx>0x01 0x03 0x0C 0x00 0x00 0x00 0x00 0x00 0x1E 0x00 0x00 0x00 0x00 0x00 0xFA 0xED 0x32 </rx>
<rx>0x01 0x03 0x0C 0x00 0x00 0x00 0x00 0x00 0x1E 0x00 0x00 0x00 0x00 0x00 0xFA 0xED 0x32 </rx>
<rx>0x01 0x03 0x0C 0x00 0x00 0x00 0x00 0x00 0x1E 0x00 0x00 0x00 0x00 0x00 0xFA 0xED 0x32 </rx>
<rx>0x01 0x03 0x0C 0x00 0x00 0x00 0x00 0x00 0x1E 0x00 0x00 0x00 0x00 0x00 0xFA 0xED 0x32 </rx>
<rx>0x01 0x03 0x0C 0x00 0x00 0x00 0x00 0x00 0x1E 0x00 0x00 0x00 0x00 0x00 0xFA 0xED 0x32 </rx>
<rx>0x01 0x03 0x0C 0x00 0x00 0x00 0x00 0x00 0x1E 0x00 0x00 0x00 0x00 0x00 0xFA 0xED 0x32 </rx>
<rx>0x01 0x03 0x0C 0x00 0x00 0x00 0x00 0x00 0x1E 0x00 0x00 0x00 0x00 0x00 0xFA 0xED 0x32 </rx>
<rx>0x01 0x03 0x0C 0x00 0x00 0x00 0x00 0x00 0x1E 0x00 0x00 0x00 0x00 0x00 0xFA 0xED 0x32 </rx>
<rx>0x01 0x03 0x0C 0x00 0x00 0x00 0x00 0x00 0x1E 0x00 0x00 0x00 0x00 0x00 0xFA 0xED 0x32 </rx>
<rx>0x01 0x03 0x0C 0x00 0x00 0x00 0x00 0x00 0x1E 0x00 0x00 0x00 0x00 0x00 0xFA 0xED 0x32 </rx>
<rx>0x01 0x03 0x0C 0x00 0x00 0x00 0x00 0x00 0x1E 0x00 0x00 0x00 0x00 0x00 0xFA 0xED 0x32 </rx>
<rx>0x01 0x03 0x0C 0x00 0x00 0x00 0x00 0x00 0x1E 0x00 0x00 0x00 0x00 0x00 0xFA 0xED 0x32 </rx>
<rx>0x01 0x03 0x0C 0x00 0x00 0x00 0x00 0x00 0x1E 0x00 0x00 0x00 0x00 0x00 0xFA 0xED 0x32 </rx>
<rx>0x01 0x03 0x0C 0x00 0x00 0x00 0x00 0x00 0x1E 0x00 0x00 0x00 0x00 0x00 0xFA 0xED 0x32 </rx>
<rx>0x01 0x03 0x0C 0x00 0x00 0x00 0x00 0x00 0x1E 0x00 0x00 0x00 0x00 0x00 0xFA 0xED 0x32 </rx>
<rx>0x01 0x03 0x0C 0x00 0x00 0x00 0x00 0x00 0x1E 0x00 0x00 0x00 0x00 0x00 0xFA 0xED 0x32 </rx>
<rx>0x01 0x03 0x0C 0x00 0x00 0x00 0x00 0x00 0x1E 0x00 0x00 0x00 0x00 0x00 0xFA 0xED 0x32 </rx>
<rx>0x01 0x03 0x0C 0x00 0x00 0x00 0x00 0x00 0x1E 0x00 0x00 0x00 0x00 0x00 0xFA 0xED 0x32 </rx>
<rx>0x01 0x03 0x0C 0x00 0x00 0x00 0x00 0x00 0x1E 0x00 0x00 0x00 0x00 0x00 0xFA 0xED 0x32 </rx>
<rx>0x01 0x03 0x0C 0x00 0x00 0x00 0x00 0x00 0x1E 0x00 0x00 0x00 0x00 0x00 0xFA 0xED 0x32 </rx>
<rx>0x01 0x03 0x0C 0x00 0x00 0x00 0x00 0x00 0x1E 0x00 0x00 0x00 0x00 0x00 0xFA 0xED 0x32 </rx>
<rx>0x01 0x03 0x0C 0x00 0x00 0x00 0x00 0x00 0x1E 0x00 0x00 0x00 0x00 0x00 0xFA 0xED 0x32 </rx>
<rx>0x01 0x03 0x0C 0x00 0x00 0x00 0x00 0x00 0x1E 0x00 0x00 0x00 0x00 0x00 0xFA 0xED 0x32 </rx>
<rx>0x01 0x03 0x0C 0x00 0x00 0x00 0x00 0x00 0x1E 0x00 0x00 0x00 0x00 0x00 0xFA 0xED 0x32 </rx>
<rx>0x01 0x03 0x0C 0x00 0x00 0x00 0x00 0x00 0x1E 0x00 0x00 0x00 0x00 0x00 0xFA 0xED 0x32 </rx>
<rx>0x01 0x03 0x0C 0x00 0x00 0x00 0x00 0x00 0x1E 0x00 0x00 0x00 0x00 0x00 0xFA 0xED 0x32 </rx>
<rx>0x01 0x03 0x0C 0x00 0x00 0x00 0x00 0x00 0x1E 0x00 0x00 0x00 0x00 0x00 0xFA 0xED 0x32 </rx>
<rx>0x01 0x03 0x0C 0x00 0x00 0x00 0x00 0x00 0x1E 0x00 0x00 0x00 0x00 0x00 0xFA 0xED 0x32 </rx>
<rx>0x01 0x03 0x0C 0x00 0x00 0x00 0x00 0x00 0x1E 0x00 0x00 0x00 0x00 0x00 0xFA 0xED 0x32 </rx>
<rx>0x01 0x03 0x0C 0x00 0x00 0x00 0x00 0x00 0x1E 0x00 0x00 0x00 0x00 0x00 0xFA 0xED 0x32 </rx>
<rx>0x01 0x03 0x0C 0x00 0x00 0x00 0x00 0x00 0x1E 0x00 0x00 0x00 0x00 0x00 0xFA 0xED 0x32 </rx>
<rx>0x01 0x03 0x0C 0x00 0x00 0x00 0x00 0x00 </rx>
<rx>0x1E 0x00 0x00 0x00 0x00 0x00 0xFA 0xED 0x32 0x01 0x06 0x00 0x02 0x00 0xFF 0x68 0x4A </rx>
<rx>0x01 0x03 0x0C 0x00 0x00 0x00 0x00 0x00 0xFF 0x00 0x00 0x00 0x00 0x00 0xFA 0x1C 0x3C </rx>
<rx>0x01 0x03 0x0C 0x00 0x00 0x00 0x00 0x00 0xFF 0x00 0x00 0x00 0x00 0x00 0xFA 0x1C 0x3C </rx>
<rx>0x01 0x03 0x0C 0x00 0x00 0x00 0x00 0x00 0xFF 0x00 0x00 0x00 0x00 0x00 0xFA 0x1C 0x3C </rx>
<rx>0x01 0x03 0x0C 0x00 0x00 0x00 0x00 0x00 0xFF 0x00 0x00 0x00 0x00 0x00 0xFA 0x1C 0x3C </rx>
<rx>0x01 0x03 0x0C 0x00 0x00 0x00 0x00 0x00 0xFF 0x00 0x00 0x00 0x00 0x00 0xFA 0x1C 0x3C </rx>
<rx>0x01 0x03 0x0C 0x00 0x00 0x00 0x00 0x00 0xFF 0x00 0x00 0x00 0x00 0x00 0xFA 0x1C 0x3C </rx>
<rx>0x01 0x03 0x0C 0x00 0x00 0x00 0x00 0x00 0xFF 0x00 0x00 0x00 0x00 0x00 0xFA 0x1C 0x3C </rx>
<rx>0x01 0x03 0x0C 0x00 0x00 0x00 0x00 0x00 0xFF 0x00 0x00 0x00 0x00 0x00 0xFA 0x1C 0x3C </rx>
<rx>0x01 0x03 0x0C 0x00 0x00 0x00 0x00 0x00 0xFF 0x00 0x00 0x00 0x00 0x00 0xFA 0x1C 0x3C </rx>
<rx>0x01 0x03 0x0C 0x00 0x00 0x00 0x00 0x00 </rx>
<rx>0xFF 0x00 0x00 0x00 0x00 0x00 0xFA 0x1C 0x3C 0x01 0x06 0x00 0x05 0x00 0x0A 0x19 0xCC </rx>
<rx>0x01 0x03 0x0C 0x00 0x00 0x00 0x00 0x00 0xFF 0x00 0x00 0x00 0x00 0x00 0x0A 0x1C 0x78 </rx>
<rx>0x01 0x03 0x0C 0x00 0x00 0x00 0x00 0x00 0xFF 0x00 0x00 0x00 0x00 0x00 0x0A 0x1C 0x78 </rx>
<rx>0x01 0x03 0x0C 0x00 0x00 0x00 0x00 0x00 0xFF 0x00 0x00 0x00 0x00 0x00 0x0A 0x1C 0x78 </rx>
<rx>0x01 0x03 0x0C 0x00 0x00 0x00 0x00 0x00 0xFF 0x00 0x00 0x00 0x00 0x00 0x0A 0x1C 0x78 </rx>
<rx>0x01 0x03 0x0C 0x00 0x00 0x00 0x00 0x00 0xFF 0x00 0x00 0x00 0x00 0x00 0x0A 0x1C 0x78 </rx>
<rx>0x01 0x03 0x0C 0x00 0x00 0x00 0x00 0x00 0xFF 0x00 0x00 0x00 0x00 0x00 0x0A 0x1C 0x78 </rx>
<rx>0x01 0x03 0x0C 0x00 0x00 0x00 0x00 0x00 0xFF 0x00 0x00 0x00 0x00 0x00 0x0A 0x1C 0x78 </rx>
<rx>0x01 0x03 0x0C 0x00 0x00 0x00 0x00 0x00 0xFF 0x00 0x00 0x00 0x00 0x00 0x0A 0x1C 0x78 </rx>
<rx>0x01 0x03 0x0C 0x00 0x00 0x00 0x00 0x00 0xFF 0x00 0x00 0x00 0x00 0x00 0x0A 0x1C 0x78 </rx>
<rx>0x01 0x03 0x0C 0x00 0x00 0x00 0x00 0x00 0xFF 0x00 0x00 0x00 0x00 0x00 0x0A 0x1C 0x78 </rx>
<rx>0x01 0x03 0x0C 0x00 0x00 0x00 0x00 0x00 0xFF 0x00 0x00 0x00 0x00 0x00 0x0A 0x1C 0x78 </rx>
<rx>0x01 0x03 0x0C 0x00 0x00 0x00 0x00 0x00 0xFF 0x00 0x00 0x00 0x00 0x00 0x0A 0x1C 0x78 </rx>
<rx>0x01 0x03 0x0C 0x00 0x00 0x00 0x00 0x00 0xFF 0x00 0x00 0x00 0x00 0x00 0x0A 0x1C 0x78 </rx>
<rx>0x01 0x03 0x0C 0x00 0x00 0x00 0x00 0x00 0xFF 0x00 0x00 0x00 0x00 0x00 0x0A 0x1C 0x78 </rx>
